{"/home/belal/alx-react/0x04-React_inline_styling/task_0/dashboard/src/App/App.js": {"path":"/home/belal/alx-react/0x04-React_inline_styling/task_0/dashboard/src/App/App.js","statementMap":{"0":{"start":{"line":15,"column":4},"end":{"line":15,"column":17}},"1":{"start":{"line":18,"column":4},"end":{"line":18,"column":57}},"2":{"start":{"line":22,"column":16},"end":{"line":26,"column":3}},"3":{"start":{"line":28,"column":22},"end":{"line":32,"column":3}},"4":{"start":{"line":36,"column":4},"end":{"line":39,"column":5}},"5":{"start":{"line":37,"column":6},"end":{"line":37,"column":31}},"6":{"start":{"line":38,"column":6},"end":{"line":38,"column":26}},"7":{"start":{"line":44,"column":4},"end":{"line":44,"column":62}},"8":{"start":{"line":49,"column":4},"end":{"line":49,"column":65}},"9":{"start":{"line":53,"column":4},"end":{"line":78,"column":6}},"10":{"start":{"line":83,"column":0},"end":{"line":86,"column":2}},"11":{"start":{"line":89,"column":0},"end":{"line":92,"column":2}}},"fnMap":{"0":{"name":"(anonymous_0)","decl":{"start":{"line":14,"column":2},"end":{"line":14,"column":3}},"loc":{"start":{"line":14,"column":21},"end":{"line":19,"column":3}},"line":14},"1":{"name":"(anonymous_1)","decl":{"start":{"line":35,"column":2},"end":{"line":35,"column":3}},"loc":{"start":{"line":35,"column":20},"end":{"line":40,"column":3}},"line":35},"2":{"name":"(anonymous_2)","decl":{"start":{"line":43,"column":2},"end":{"line":43,"column":3}},"loc":{"start":{"line":43,"column":22},"end":{"line":45,"column":3}},"line":43},"3":{"name":"(anonymous_3)","decl":{"start":{"line":48,"column":2},"end":{"line":48,"column":3}},"loc":{"start":{"line":48,"column":25},"end":{"line":50,"column":3}},"line":48},"4":{"name":"(anonymous_4)","decl":{"start":{"line":52,"column":2},"end":{"line":52,"column":3}},"loc":{"start":{"line":52,"column":11},"end":{"line":79,"column":3}},"line":52},"5":{"name":"(anonymous_5)","decl":{"start":{"line":85,"column":10},"end":{"line":85,"column":11}},"loc":{"start":{"line":85,"column":16},"end":{"line":85,"column":18}},"line":85}},"branchMap":{"0":{"loc":{"start":{"line":36,"column":4},"end":{"line":39,"column":5}},"type":"if","locations":[{"start":{"line":36,"column":4},"end":{"line":39,"column":5}},{"start":{},"end":{}}],"line":36},"1":{"loc":{"start":{"line":36,"column":8},"end":{"line":36,"column":34}},"type":"binary-expr","locations":[{"start":{"line":36,"column":8},"end":{"line":36,"column":17}},{"start":{"line":36,"column":21},"end":{"line":36,"column":34}}],"line":36},"2":{"loc":{"start":{"line":60,"column":9},"end":{"line":68,"column":9}},"type":"cond-expr","locations":[{"start":{"line":61,"column":3},"end":{"line":63,"column":33}},{"start":{"line":65,"column":3},"end":{"line":67,"column":33}}],"line":60}},"s":{"0":10,"1":10,"2":10,"3":10,"4":24,"5":24,"6":24,"7":10,"8":3,"9":10,"10":1,"11":1},"f":{"0":10,"1":24,"2":10,"3":3,"4":10,"5":23},"b":{"0":[24,0],"1":[24,24],"2":[1,9]},"_coverageSchema":"1a1c01bbd47fc00a2c39e90264f33305004495a9","hash":"4ea887b32b714d02cd25a2f93928ac8020fbcebc"}
,"/home/belal/alx-react/0x04-React_inline_styling/task_0/dashboard/src/BodySection/BodySection.js": {"path":"/home/belal/alx-react/0x04-React_inline_styling/task_0/dashboard/src/BodySection/BodySection.js","statementMap":{"0":{"start":{"line":6,"column":4},"end":{"line":11,"column":6}},"1":{"start":{"line":15,"column":0},"end":{"line":18,"column":2}}},"fnMap":{"0":{"name":"(anonymous_0)","decl":{"start":{"line":5,"column":2},"end":{"line":5,"column":3}},"loc":{"start":{"line":5,"column":11},"end":{"line":12,"column":3}},"line":5}},"branchMap":{},"s":{"0":8,"1":3},"f":{"0":8},"b":{},"_coverageSchema":"1a1c01bbd47fc00a2c39e90264f33305004495a9","hash":"9f1f3d2cd0b5bbf42300e4add40c47a9600e0c99"}
,"/home/belal/alx-react/0x04-React_inline_styling/task_0/dashboard/src/BodySection/BodySectionWithMarginBottom.js": {"path":"/home/belal/alx-react/0x04-React_inline_styling/task_0/dashboard/src/BodySection/BodySectionWithMarginBottom.js","statementMap":{"0":{"start":{"line":8,"column":4},"end":{"line":12,"column":6}},"1":{"start":{"line":16,"column":0},"end":{"line":19,"column":2}}},"fnMap":{"0":{"name":"(anonymous_0)","decl":{"start":{"line":7,"column":2},"end":{"line":7,"column":3}},"loc":{"start":{"line":7,"column":11},"end":{"line":13,"column":3}},"line":7}},"branchMap":{},"s":{"0":4,"1":2},"f":{"0":4},"b":{},"_coverageSchema":"1a1c01bbd47fc00a2c39e90264f33305004495a9","hash":"ae77a79396960b0b0acdf68e1b0dea2096119864"}
,"/home/belal/alx-react/0x04-React_inline_styling/task_0/dashboard/src/CourseList/CourseList.js": {"path":"/home/belal/alx-react/0x04-React_inline_styling/task_0/dashboard/src/CourseList/CourseList.js","statementMap":{"0":{"start":{"line":8,"column":2},"end":{"line":22,"column":4}},"1":{"start":{"line":16,"column":52},"end":{"line":16,"column":123}},"2":{"start":{"line":25,"column":0},"end":{"line":27,"column":2}},"3":{"start":{"line":29,"column":0},"end":{"line":31,"column":2}}},"fnMap":{"0":{"name":"CourseList","decl":{"start":{"line":7,"column":9},"end":{"line":7,"column":19}},"loc":{"start":{"line":7,"column":37},"end":{"line":23,"column":1}},"line":7},"1":{"name":"(anonymous_1)","decl":{"start":{"line":16,"column":26},"end":{"line":16,"column":27}},"loc":{"start":{"line":16,"column":52},"end":{"line":16,"column":123}},"line":16}},"branchMap":{"0":{"loc":{"start":{"line":15,"column":9},"end":{"line":19,"column":9}},"type":"cond-expr","locations":[{"start":{"line":16,"column":10},"end":{"line":16,"column":124}},{"start":{"line":18,"column":10},"end":{"line":18,"column":67}}],"line":15}},"s":{"0":3,"1":6,"2":2,"3":2},"f":{"0":3,"1":6},"b":{"0":[2,1]},"_coverageSchema":"1a1c01bbd47fc00a2c39e90264f33305004495a9","hash":"3918d272e8864e6d27e2582e54fc8d0dc05d43db"}
,"/home/belal/alx-react/0x04-React_inline_styling/task_0/dashboard/src/CourseList/CourseListRow.js": {"path":"/home/belal/alx-react/0x04-React_inline_styling/task_0/dashboard/src/CourseList/CourseListRow.js","statementMap":{"0":{"start":{"line":4,"column":17},"end":{"line":6,"column":1}},"1":{"start":{"line":8,"column":20},"end":{"line":10,"column":1}},"2":{"start":{"line":13,"column":2},"end":{"line":33,"column":4}},"3":{"start":{"line":36,"column":0},"end":{"line":40,"column":2}}},"fnMap":{"0":{"name":"CourseListRow","decl":{"start":{"line":12,"column":9},"end":{"line":12,"column":22}},"loc":{"start":{"line":12,"column":68},"end":{"line":34,"column":1}},"line":12}},"branchMap":{"0":{"loc":{"start":{"line":15,"column":7},"end":{"line":31,"column":7}},"type":"cond-expr","locations":[{"start":{"line":16,"column":8},"end":{"line":25,"column":9}},{"start":{"line":27,"column":8},"end":{"line":30,"column":11}}],"line":15},"1":{"loc":{"start":{"line":16,"column":8},"end":{"line":25,"column":9}},"type":"cond-expr","locations":[{"start":{"line":17,"column":10},"end":{"line":19,"column":8}},{"start":{"line":21,"column":10},"end":{"line":24,"column":13}}],"line":16}},"s":{"0":3,"1":3,"2":9,"3":3},"f":{"0":9},"b":{"0":[1,8],"1":[1,0]},"_coverageSchema":"1a1c01bbd47fc00a2c39e90264f33305004495a9","hash":"126427299829803ab01c5f795d403f4c70444427"}
,"/home/belal/alx-react/0x04-React_inline_styling/task_0/dashboard/src/CourseList/CourseShape.js": {"path":"/home/belal/alx-react/0x04-React_inline_styling/task_0/dashboard/src/CourseList/CourseShape.js","statementMap":{"0":{"start":{"line":3,"column":20},"end":{"line":7,"column":2}}},"fnMap":{},"branchMap":{},"s":{"0":2},"f":{},"b":{},"_coverageSchema":"1a1c01bbd47fc00a2c39e90264f33305004495a9","hash":"486b943b4426222818d821adeabd70b6ff78460f"}
,"/home/belal/alx-react/0x04-React_inline_styling/task_0/dashboard/src/Footer/Footer.js": {"path":"/home/belal/alx-react/0x04-React_inline_styling/task_0/dashboard/src/Footer/Footer.js","statementMap":{"0":{"start":{"line":6,"column":2},"end":{"line":12,"column":4}}},"fnMap":{"0":{"name":"Footer","decl":{"start":{"line":5,"column":9},"end":{"line":5,"column":15}},"loc":{"start":{"line":5,"column":18},"end":{"line":13,"column":1}},"line":5}},"branchMap":{},"s":{"0":5},"f":{"0":5},"b":{},"_coverageSchema":"1a1c01bbd47fc00a2c39e90264f33305004495a9","hash":"3706b6b8f10302dea86dd4b8aba8720e4a092de2"}
,"/home/belal/alx-react/0x04-React_inline_styling/task_0/dashboard/src/HOC/WithLogging.js": {"path":"/home/belal/alx-react/0x04-React_inline_styling/task_0/dashboard/src/HOC/WithLogging.js","statementMap":{"0":{"start":{"line":3,"column":20},"end":{"line":22,"column":1}},"1":{"start":{"line":4,"column":25},"end":{"line":4,"column":94}},"2":{"start":{"line":4,"column":40},"end":{"line":4,"column":94}},"3":{"start":{"line":7,"column":2},"end":{"line":7,"column":79}},"4":{"start":{"line":9,"column":2},"end":{"line":21,"column":4}},"5":{"start":{"line":11,"column":6},"end":{"line":11,"column":78}},"6":{"start":{"line":15,"column":6},"end":{"line":15,"column":87}},"7":{"start":{"line":19,"column":6},"end":{"line":19,"column":50}}},"fnMap":{"0":{"name":"(anonymous_0)","decl":{"start":{"line":3,"column":20},"end":{"line":3,"column":21}},"loc":{"start":{"line":3,"column":42},"end":{"line":22,"column":1}},"line":3},"1":{"name":"(anonymous_1)","decl":{"start":{"line":4,"column":25},"end":{"line":4,"column":26}},"loc":{"start":{"line":4,"column":40},"end":{"line":4,"column":94}},"line":4},"2":{"name":"(anonymous_2)","decl":{"start":{"line":10,"column":4},"end":{"line":10,"column":5}},"loc":{"start":{"line":10,"column":24},"end":{"line":12,"column":5}},"line":10},"3":{"name":"(anonymous_3)","decl":{"start":{"line":14,"column":4},"end":{"line":14,"column":5}},"loc":{"start":{"line":14,"column":27},"end":{"line":16,"column":5}},"line":14},"4":{"name":"(anonymous_4)","decl":{"start":{"line":18,"column":4},"end":{"line":18,"column":5}},"loc":{"start":{"line":18,"column":13},"end":{"line":20,"column":5}},"line":18}},"branchMap":{"0":{"loc":{"start":{"line":4,"column":40},"end":{"line":4,"column":94}},"type":"binary-expr","locations":[{"start":{"line":4,"column":40},"end":{"line":4,"column":61}},{"start":{"line":4,"column":65},"end":{"line":4,"column":79}},{"start":{"line":4,"column":83},"end":{"line":4,"column":94}}],"line":4}},"s":{"0":1,"1":2,"2":6,"3":2,"4":2,"5":2,"6":2,"7":2},"f":{"0":2,"1":6,"2":2,"3":2,"4":2},"b":{"0":[6,6,0]},"_coverageSchema":"1a1c01bbd47fc00a2c39e90264f33305004495a9","hash":"ba9a85b5b28de0a984b85c9e7fa350ad002ded92"}
,"/home/belal/alx-react/0x04-React_inline_styling/task_0/dashboard/src/Header/Header.js": {"path":"/home/belal/alx-react/0x04-React_inline_styling/task_0/dashboard/src/Header/Header.js","statementMap":{"0":{"start":{"line":6,"column":2},"end":{"line":13,"column":4}}},"fnMap":{"0":{"name":"Header","decl":{"start":{"line":5,"column":9},"end":{"line":5,"column":15}},"loc":{"start":{"line":5,"column":18},"end":{"line":14,"column":1}},"line":5}},"branchMap":{},"s":{"0":5},"f":{"0":5},"b":{},"_coverageSchema":"1a1c01bbd47fc00a2c39e90264f33305004495a9","hash":"11fcb4a0ba9fda5f2538edbc95c98396967fb4eb"}
,"/home/belal/alx-react/0x04-React_inline_styling/task_0/dashboard/src/Login/Login.js": {"path":"/home/belal/alx-react/0x04-React_inline_styling/task_0/dashboard/src/Login/Login.js","statementMap":{"0":{"start":{"line":5,"column":2},"end":{"line":18,"column":4}}},"fnMap":{"0":{"name":"Login","decl":{"start":{"line":4,"column":9},"end":{"line":4,"column":14}},"loc":{"start":{"line":4,"column":17},"end":{"line":19,"column":1}},"line":4}},"branchMap":{},"s":{"0":5},"f":{"0":5},"b":{},"_coverageSchema":"1a1c01bbd47fc00a2c39e90264f33305004495a9","hash":"ffa863a1585ec36be02681048112c1c56f39895c"}
,"/home/belal/alx-react/0x04-React_inline_styling/task_0/dashboard/src/Notifications/NotificationItem.js": {"path":"/home/belal/alx-react/0x04-React_inline_styling/task_0/dashboard/src/Notifications/NotificationItem.js","statementMap":{"0":{"start":{"line":7,"column":50},"end":{"line":7,"column":60}},"1":{"start":{"line":8,"column":4},"end":{"line":17,"column":6}},"2":{"start":{"line":11,"column":29},"end":{"line":11,"column":43}},"3":{"start":{"line":15,"column":35},"end":{"line":15,"column":49}},"4":{"start":{"line":21,"column":0},"end":{"line":29,"column":2}},"5":{"start":{"line":31,"column":0},"end":{"line":37,"column":2}},"6":{"start":{"line":34,"column":4},"end":{"line":34,"column":30}}},"fnMap":{"0":{"name":"(anonymous_0)","decl":{"start":{"line":6,"column":2},"end":{"line":6,"column":3}},"loc":{"start":{"line":6,"column":11},"end":{"line":18,"column":3}},"line":6},"1":{"name":"(anonymous_1)","decl":{"start":{"line":11,"column":23},"end":{"line":11,"column":24}},"loc":{"start":{"line":11,"column":29},"end":{"line":11,"column":43}},"line":11},"2":{"name":"(anonymous_2)","decl":{"start":{"line":15,"column":29},"end":{"line":15,"column":30}},"loc":{"start":{"line":15,"column":35},"end":{"line":15,"column":49}},"line":15},"3":{"name":"(anonymous_3)","decl":{"start":{"line":33,"column":14},"end":{"line":33,"column":15}},"loc":{"start":{"line":33,"column":20},"end":{"line":35,"column":3}},"line":33}},"branchMap":{"0":{"loc":{"start":{"line":10,"column":9},"end":{"line":14,"column":16}},"type":"cond-expr","locations":[{"start":{"line":11,"column":10},"end":{"line":13,"column":15}},{"start":{"line":14,"column":12},"end":{"line":14,"column":16}}],"line":10},"1":{"loc":{"start":{"line":10,"column":9},"end":{"line":10,"column":22}},"type":"binary-expr","locations":[{"start":{"line":10,"column":9},"end":{"line":10,"column":13}},{"start":{"line":10,"column":17},"end":{"line":10,"column":22}}],"line":10},"2":{"loc":{"start":{"line":15,"column":9},"end":{"line":15,"column":118}},"type":"cond-expr","locations":[{"start":{"line":15,"column":16},"end":{"line":15,"column":111}},{"start":{"line":15,"column":114},"end":{"line":15,"column":118}}],"line":15}},"s":{"0":10,"1":10,"2":1,"3":0,"4":3,"5":3,"6":0},"f":{"0":10,"1":1,"2":0,"3":0},"b":{"0":[4,6],"1":[10,10],"2":[2,8]},"_coverageSchema":"1a1c01bbd47fc00a2c39e90264f33305004495a9","hash":"a2c21c20cbff2965b37b2ced8fb57e7082be7d90"}
,"/home/belal/alx-react/0x04-React_inline_styling/task_0/dashboard/src/Notifications/NotificationItemShape.js": {"path":"/home/belal/alx-react/0x04-React_inline_styling/task_0/dashboard/src/Notifications/NotificationItemShape.js","statementMap":{"0":{"start":{"line":3,"column":30},"end":{"line":10,"column":2}}},"fnMap":{},"branchMap":{},"s":{"0":2},"f":{},"b":{},"_coverageSchema":"1a1c01bbd47fc00a2c39e90264f33305004495a9","hash":"b1b3fbc9a66b50a89a32325ae7595db8f4f64050"}
,"/home/belal/alx-react/0x04-React_inline_styling/task_0/dashboard/src/Notifications/Notifications.js": {"path":"/home/belal/alx-react/0x04-React_inline_styling/task_0/dashboard/src/Notifications/Notifications.js","statementMap":{"0":{"start":{"line":10,"column":4},"end":{"line":10,"column":17}},"1":{"start":{"line":12,"column":4},"end":{"line":12,"column":49}},"2":{"start":{"line":16,"column":4},"end":{"line":16,"column":66}},"3":{"start":{"line":20,"column":4},"end":{"line":20,"column":62}},"4":{"start":{"line":24,"column":4},"end":{"line":61,"column":6}},"5":{"start":{"line":46,"column":16},"end":{"line":46,"column":61}},"6":{"start":{"line":55,"column":16},"end":{"line":55,"column":148}},"7":{"start":{"line":65,"column":0},"end":{"line":68,"column":2}},"8":{"start":{"line":70,"column":0},"end":{"line":73,"column":2}}},"fnMap":{"0":{"name":"(anonymous_0)","decl":{"start":{"line":9,"column":2},"end":{"line":9,"column":3}},"loc":{"start":{"line":9,"column":21},"end":{"line":13,"column":3}},"line":9},"1":{"name":"(anonymous_1)","decl":{"start":{"line":15,"column":2},"end":{"line":15,"column":3}},"loc":{"start":{"line":15,"column":35},"end":{"line":17,"column":3}},"line":15},"2":{"name":"(anonymous_2)","decl":{"start":{"line":19,"column":2},"end":{"line":19,"column":3}},"loc":{"start":{"line":19,"column":17},"end":{"line":21,"column":3}},"line":19},"3":{"name":"(anonymous_3)","decl":{"start":{"line":23,"column":2},"end":{"line":23,"column":3}},"loc":{"start":{"line":23,"column":11},"end":{"line":62,"column":3}},"line":23},"4":{"name":"(anonymous_4)","decl":{"start":{"line":45,"column":23},"end":{"line":45,"column":24}},"loc":{"start":{"line":45,"column":30},"end":{"line":47,"column":15}},"line":45},"5":{"name":"(anonymous_5)","decl":{"start":{"line":54,"column":48},"end":{"line":54,"column":49}},"loc":{"start":{"line":54,"column":62},"end":{"line":56,"column":15}},"line":54}},"branchMap":{"0":{"loc":{"start":{"line":29,"column":9},"end":{"line":59,"column":16}},"type":"cond-expr","locations":[{"start":{"line":30,"column":10},"end":{"line":58,"column":16}},{"start":{"line":59,"column":12},"end":{"line":59,"column":16}}],"line":29},"1":{"loc":{"start":{"line":51,"column":13},"end":{"line":51,"column":103}},"type":"cond-expr","locations":[{"start":{"line":51,"column":56},"end":{"line":51,"column":96}},{"start":{"line":51,"column":99},"end":{"line":51,"column":103}}],"line":51},"2":{"loc":{"start":{"line":53,"column":15},"end":{"line":53,"column":136}},"type":"cond-expr","locations":[{"start":{"line":53,"column":58},"end":{"line":53,"column":129}},{"start":{"line":53,"column":132},"end":{"line":53,"column":136}}],"line":53}},"s":{"0":18,"1":18,"2":2,"3":0,"4":18,"5":0,"6":15,"7":2,"8":2},"f":{"0":18,"1":2,"2":0,"3":18,"4":0,"5":15},"b":{"0":[11,7],"1":[5,6],"2":[6,5]},"_coverageSchema":"1a1c01bbd47fc00a2c39e90264f33305004495a9","hash":"af51da91e269a514f55044a733806427b5c9a97b"}
,"/home/belal/alx-react/0x04-React_inline_styling/task_0/dashboard/src/utils/utils.js": {"path":"/home/belal/alx-react/0x04-React_inline_styling/task_0/dashboard/src/utils/utils.js","statementMap":{"0":{"start":{"line":3,"column":2},"end":{"line":3,"column":34}},"1":{"start":{"line":7,"column":2},"end":{"line":12,"column":3}},"2":{"start":{"line":8,"column":4},"end":{"line":8,"column":30}},"3":{"start":{"line":11,"column":3},"end":{"line":11,"column":44}},"4":{"start":{"line":16,"column":1},"end":{"line":16,"column":64}}},"fnMap":{"0":{"name":"getFullYear","decl":{"start":{"line":2,"column":16},"end":{"line":2,"column":27}},"loc":{"start":{"line":2,"column":30},"end":{"line":4,"column":1}},"line":2},"1":{"name":"getFooterCopy","decl":{"start":{"line":6,"column":16},"end":{"line":6,"column":29}},"loc":{"start":{"line":6,"column":39},"end":{"line":13,"column":1}},"line":6},"2":{"name":"getLatestNotification","decl":{"start":{"line":15,"column":16},"end":{"line":15,"column":37}},"loc":{"start":{"line":15,"column":40},"end":{"line":17,"column":1}},"line":15}},"branchMap":{"0":{"loc":{"start":{"line":7,"column":2},"end":{"line":12,"column":3}},"type":"if","locations":[{"start":{"line":7,"column":2},"end":{"line":12,"column":3}},{"start":{"line":10,"column":7},"end":{"line":12,"column":3}}],"line":7}},"s":{"0":7,"1":8,"2":1,"3":7,"4":14},"f":{"0":7,"1":8,"2":14},"b":{"0":[1,7]},"_coverageSchema":"1a1c01bbd47fc00a2c39e90264f33305004495a9","hash":"1ad3ce236c74f554990e647a15c9e8eca4df2379"}
}
