<?xml version="1.0" encoding="UTF-8"?>
<coverage generated="1725352852213" clover="3.2.0">
  <project timestamp="1725352852213" name="All files">
    <metrics statements="57" coveredstatements="53" conditionals="29" coveredconditionals="26" methods="32" coveredmethods="28" elements="118" coveredelements="107" complexity="0" loc="57" ncloc="57" packages="9" files="14" classes="14"/>
    <package name="App">
      <metrics statements="12" coveredstatements="12" conditionals="6" coveredconditionals="5" methods="6" coveredmethods="6"/>
      <file name="App.js" path="/home/belal/alx-react/0x04-React_inline_styling/task_0/dashboard/src/App/App.js">
        <metrics statements="12" coveredstatements="12" conditionals="6" coveredconditionals="5" methods="6" coveredmethods="6"/>
        <line num="15" count="10" type="stmt"/>
        <line num="18" count="10" type="stmt"/>
        <line num="22" count="10" type="stmt"/>
        <line num="28" count="10" type="stmt"/>
        <line num="36" count="24" type="cond" truecount="3" falsecount="1"/>
        <line num="37" count="24" type="stmt"/>
        <line num="38" count="24" type="stmt"/>
        <line num="44" count="10" type="stmt"/>
        <line num="49" count="3" type="stmt"/>
        <line num="53" count="10" type="stmt"/>
        <line num="83" count="1" type="stmt"/>
        <line num="89" count="1" type="stmt"/>
      </file>
    </package>
    <package name="BodySection">
      <metrics statements="4" coveredstatements="4" conditionals="0" coveredconditionals="0" methods="2" coveredmethods="2"/>
      <file name="BodySection.js" path="/home/belal/alx-react/0x04-React_inline_styling/task_0/dashboard/src/BodySection/BodySection.js">
        <metrics statements="2" coveredstatements="2" conditionals="0" coveredconditionals="0" methods="1" coveredmethods="1"/>
        <line num="6" count="8" type="stmt"/>
        <line num="15" count="3" type="stmt"/>
      </file>
      <file name="BodySectionWithMarginBottom.js" path="/home/belal/alx-react/0x04-React_inline_styling/task_0/dashboard/src/BodySection/BodySectionWithMarginBottom.js">
        <metrics statements="2" coveredstatements="2" conditionals="0" coveredconditionals="0" methods="1" coveredmethods="1"/>
        <line num="8" count="4" type="stmt"/>
        <line num="16" count="2" type="stmt"/>
      </file>
    </package>
    <package name="CourseList">
      <metrics statements="9" coveredstatements="9" conditionals="6" coveredconditionals="5" methods="3" coveredmethods="3"/>
      <file name="CourseList.js" path="/home/belal/alx-react/0x04-React_inline_styling/task_0/dashboard/src/CourseList/CourseList.js">
        <metrics statements="4" coveredstatements="4" conditionals="2" coveredconditionals="2" methods="2" coveredmethods="2"/>
        <line num="8" count="3" type="stmt"/>
        <line num="16" count="6" type="stmt"/>
        <line num="25" count="2" type="stmt"/>
        <line num="29" count="2" type="stmt"/>
      </file>
      <file name="CourseListRow.js" path="/home/belal/alx-react/0x04-React_inline_styling/task_0/dashboard/src/CourseList/CourseListRow.js">
        <metrics statements="4" coveredstatements="4" conditionals="4" coveredconditionals="3" methods="1" coveredmethods="1"/>
        <line num="4" count="3" type="stmt"/>
        <line num="8" count="3" type="stmt"/>
        <line num="13" count="9" type="stmt"/>
        <line num="36" count="3" type="stmt"/>
      </file>
      <file name="CourseShape.js" path="/home/belal/alx-react/0x04-React_inline_styling/task_0/dashboard/src/CourseList/CourseShape.js">
        <metrics statements="1" coveredstatements="1" conditionals="0" coveredconditionals="0" methods="0" coveredmethods="0"/>
        <line num="3" count="2" type="stmt"/>
      </file>
    </package>
    <package name="Footer">
      <metrics statements="1" coveredstatements="1" conditionals="0" coveredconditionals="0" methods="1" coveredmethods="1"/>
      <file name="Footer.js" path="/home/belal/alx-react/0x04-React_inline_styling/task_0/dashboard/src/Footer/Footer.js">
        <metrics statements="1" coveredstatements="1" conditionals="0" coveredconditionals="0" methods="1" coveredmethods="1"/>
        <line num="6" count="5" type="stmt"/>
      </file>
    </package>
    <package name="HOC">
      <metrics statements="7" coveredstatements="7" conditionals="3" coveredconditionals="2" methods="5" coveredmethods="5"/>
      <file name="WithLogging.js" path="/home/belal/alx-react/0x04-React_inline_styling/task_0/dashboard/src/HOC/WithLogging.js">
        <metrics statements="7" coveredstatements="7" conditionals="3" coveredconditionals="2" methods="5" coveredmethods="5"/>
        <line num="3" count="1" type="stmt"/>
        <line num="4" count="6" type="cond" truecount="2" falsecount="1"/>
        <line num="7" count="2" type="stmt"/>
        <line num="9" count="2" type="stmt"/>
        <line num="11" count="2" type="stmt"/>
        <line num="15" count="2" type="stmt"/>
        <line num="19" count="2" type="stmt"/>
      </file>
    </package>
    <package name="Header">
      <metrics statements="1" coveredstatements="1" conditionals="0" coveredconditionals="0" methods="1" coveredmethods="1"/>
      <file name="Header.js" path="/home/belal/alx-react/0x04-React_inline_styling/task_0/dashboard/src/Header/Header.js">
        <metrics statements="1" coveredstatements="1" conditionals="0" coveredconditionals="0" methods="1" coveredmethods="1"/>
        <line num="6" count="5" type="stmt"/>
      </file>
    </package>
    <package name="Login">
      <metrics statements="1" coveredstatements="1" conditionals="0" coveredconditionals="0" methods="1" coveredmethods="1"/>
      <file name="Login.js" path="/home/belal/alx-react/0x04-React_inline_styling/task_0/dashboard/src/Login/Login.js">
        <metrics statements="1" coveredstatements="1" conditionals="0" coveredconditionals="0" methods="1" coveredmethods="1"/>
        <line num="5" count="5" type="stmt"/>
      </file>
    </package>
    <package name="Notifications">
      <metrics statements="17" coveredstatements="13" conditionals="12" coveredconditionals="12" methods="10" coveredmethods="6"/>
      <file name="NotificationItem.js" path="/home/belal/alx-react/0x04-React_inline_styling/task_0/dashboard/src/Notifications/NotificationItem.js">
        <metrics statements="7" coveredstatements="5" conditionals="6" coveredconditionals="6" methods="4" coveredmethods="2"/>
        <line num="7" count="10" type="stmt"/>
        <line num="8" count="10" type="stmt"/>
        <line num="11" count="1" type="stmt"/>
        <line num="15" count="0" type="cond" truecount="2" falsecount="0"/>
        <line num="21" count="3" type="stmt"/>
        <line num="31" count="3" type="stmt"/>
        <line num="34" count="0" type="stmt"/>
      </file>
      <file name="NotificationItemShape.js" path="/home/belal/alx-react/0x04-React_inline_styling/task_0/dashboard/src/Notifications/NotificationItemShape.js">
        <metrics statements="1" coveredstatements="1" conditionals="0" coveredconditionals="0" methods="0" coveredmethods="0"/>
        <line num="3" count="2" type="stmt"/>
      </file>
      <file name="Notifications.js" path="/home/belal/alx-react/0x04-React_inline_styling/task_0/dashboard/src/Notifications/Notifications.js">
        <metrics statements="9" coveredstatements="7" conditionals="6" coveredconditionals="6" methods="6" coveredmethods="4"/>
        <line num="10" count="18" type="stmt"/>
        <line num="12" count="18" type="stmt"/>
        <line num="16" count="2" type="stmt"/>
        <line num="20" count="0" type="stmt"/>
        <line num="24" count="18" type="stmt"/>
        <line num="46" count="0" type="stmt"/>
        <line num="55" count="15" type="stmt"/>
        <line num="65" count="2" type="stmt"/>
        <line num="70" count="2" type="stmt"/>
      </file>
    </package>
    <package name="utils">
      <metrics statements="5" coveredstatements="5" conditionals="2" coveredconditionals="2" methods="3" coveredmethods="3"/>
      <file name="utils.js" path="/home/belal/alx-react/0x04-React_inline_styling/task_0/dashboard/src/utils/utils.js">
        <metrics statements="5" coveredstatements="5" conditionals="2" coveredconditionals="2" methods="3" coveredmethods="3"/>
        <line num="3" count="7" type="stmt"/>
        <line num="7" count="8" type="cond" truecount="2" falsecount="0"/>
        <line num="8" count="1" type="stmt"/>
        <line num="11" count="7" type="stmt"/>
        <line num="16" count="14" type="stmt"/>
      </file>
    </package>
  </project>
</coverage>
