TN:
SF:src/App/App.js
FN:14,(anonymous_0)
FN:35,(anonymous_1)
FN:43,(anonymous_2)
FN:48,(anonymous_3)
FN:52,(anonymous_4)
FN:94,(anonymous_5)
FNF:6
FNH:6
FNDA:10,(anonymous_0)
FNDA:24,(anonymous_1)
FNDA:10,(anonymous_2)
FNDA:3,(anonymous_3)
FNDA:11,(anonymous_4)
FNDA:23,(anonymous_5)
DA:15,10
DA:18,10
DA:22,10
DA:28,10
DA:36,24
DA:37,24
DA:38,24
DA:44,10
DA:49,3
DA:53,11
DA:82,1
DA:92,1
DA:98,1
LF:13
LH:13
BRDA:36,0,0,24
BRDA:36,0,1,0
BRDA:36,1,0,24
BRDA:36,1,1,24
BRDA:60,2,0,1
BRDA:60,2,1,10
BRF:6
BRH:5
end_of_record
TN:
SF:src/BodySection/BodySection.js
FN:5,(anonymous_0)
FNF:1
FNH:1
FNDA:8,(anonymous_0)
DA:6,8
DA:15,3
LF:2
LH:2
BRF:0
BRH:0
end_of_record
TN:
SF:src/BodySection/BodySectionWithMarginBottom.js
FN:7,(anonymous_0)
FNF:1
FNH:1
FNDA:4,(anonymous_0)
DA:8,4
DA:16,2
DA:22,2
LF:3
LH:3
BRF:0
BRH:0
end_of_record
TN:
SF:src/CourseList/CourseList.js
FN:7,CourseList
FN:16,(anonymous_1)
FNF:2
FNH:2
FNDA:3,CourseList
FNDA:6,(anonymous_1)
DA:8,3
DA:16,6
DA:25,2
DA:52,2
DA:56,2
LF:5
LH:5
BRDA:15,0,0,2
BRDA:15,0,1,1
BRF:2
BRH:2
end_of_record
TN:
SF:src/CourseList/CourseListRow.js
FN:5,CourseListRow
FNF:1
FNH:1
FNDA:9,CourseListRow
DA:6,9
DA:27,3
DA:37,3
LF:3
LH:3
BRDA:7,0,0,1
BRDA:7,0,1,8
BRDA:8,1,0,1
BRDA:8,1,1,8
BRDA:9,2,0,1
BRDA:9,2,1,0
BRF:6
BRH:5
end_of_record
TN:
SF:src/CourseList/CourseShape.js
FNF:0
FNH:0
DA:3,2
LF:1
LH:1
BRF:0
BRH:0
end_of_record
TN:
SF:src/Footer/Footer.js
FN:5,Footer
FNF:1
FNH:1
FNDA:5,Footer
DA:6,5
LF:1
LH:1
BRF:0
BRH:0
end_of_record
TN:
SF:src/HOC/WithLogging.js
FN:3,(anonymous_0)
FN:4,(anonymous_1)
FN:10,(anonymous_2)
FN:14,(anonymous_3)
FN:18,(anonymous_4)
FNF:5
FNH:5
FNDA:2,(anonymous_0)
FNDA:6,(anonymous_1)
FNDA:2,(anonymous_2)
FNDA:2,(anonymous_3)
FNDA:2,(anonymous_4)
DA:3,1
DA:4,6
DA:7,2
DA:9,2
DA:11,2
DA:15,2
DA:19,2
LF:7
LH:7
BRDA:4,0,0,6
BRDA:4,0,1,6
BRDA:4,0,2,0
BRF:3
BRH:2
end_of_record
TN:
SF:src/Header/Header.js
FN:5,Header
FNF:1
FNH:1
FNDA:5,Header
DA:6,5
DA:16,2
LF:2
LH:2
BRF:0
BRH:0
end_of_record
TN:
SF:src/Login/Login.js
FN:4,Login
FNF:1
FNH:1
FNDA:5,Login
DA:5,5
DA:21,2
LF:2
LH:2
BRF:0
BRH:0
end_of_record
TN:
SF:src/Notifications/NotificationItem.js
FN:6,(anonymous_0)
FN:11,(anonymous_1)
FN:15,(anonymous_2)
FN:42,(anonymous_3)
FNF:4
FNH:2
FNDA:10,(anonymous_0)
FNDA:1,(anonymous_1)
FNDA:0,(anonymous_2)
FNDA:0,(anonymous_3)
DA:7,10
DA:8,10
DA:11,1
DA:15,0
DA:21,3
DA:30,3
DA:40,3
DA:43,0
LF:8
LH:6
BRDA:10,0,0,4
BRDA:10,0,1,6
BRDA:10,1,0,10
BRDA:10,1,1,10
BRDA:11,2,0,3
BRDA:11,2,1,1
BRDA:15,3,0,2
BRDA:15,3,1,8
BRF:8
BRH:8
end_of_record
TN:
SF:src/Notifications/NotificationItemShape.js
FNF:0
FNH:0
DA:3,2
LF:1
LH:1
BRF:0
BRH:0
end_of_record
TN:
SF:src/Notifications/Notifications.js
FN:9,(anonymous_0)
FN:15,(anonymous_1)
FN:19,(anonymous_2)
FN:23,(anonymous_3)
FN:45,(anonymous_4)
FN:54,(anonymous_5)
FNF:6
FNH:4
FNDA:18,(anonymous_0)
FNDA:2,(anonymous_1)
FNDA:0,(anonymous_2)
FNDA:18,(anonymous_3)
FNDA:0,(anonymous_4)
FNDA:15,(anonymous_5)
DA:10,18
DA:12,18
DA:16,2
DA:20,0
DA:24,18
DA:46,0
DA:55,15
DA:65,2
DA:96,2
DA:101,2
LF:10
LH:8
BRDA:29,0,0,11
BRDA:29,0,1,7
BRDA:51,1,0,5
BRDA:51,1,1,6
BRDA:53,2,0,6
BRDA:53,2,1,5
BRF:6
BRH:6
end_of_record
TN:
SF:src/utils/utils.js
FN:2,getFullYear
FN:6,getFooterCopy
FN:15,getLatestNotification
FNF:3
FNH:3
FNDA:7,getFullYear
FNDA:8,getFooterCopy
FNDA:14,getLatestNotification
DA:3,7
DA:7,8
DA:8,1
DA:11,7
DA:16,14
LF:5
LH:5
BRDA:7,0,0,1
BRDA:7,0,1,7
BRF:2
BRH:2
end_of_record
